<?xml version="1.0" encoding="UTF-8"?>
<testng-results skipped="0" failed="0" total="2" passed="2">
  <reporter-output>
  </reporter-output>
  <suite name="Suite" duration-ms="117453" started-at="2017-03-17T14:57:38Z" finished-at="2017-03-17T14:59:35Z">
    <groups>
      <group name="Smk">
        <method signature="Script_Pending.Storagemsgcheck.loginvalidcheck(java.util.Map)" name="loginvalidcheck" class="Script_Pending.Storagemsgcheck"/>
        <method signature="Script_Pending.pendingcheck.loginvalidcheck(java.util.Map)" name="loginvalidcheck" class="Script_Pending.pendingcheck"/>
      </group>
      <group name="Uat">
        <method signature="Script_Pending.Storagemsgcheck.loginvalidcheck(java.util.Map)" name="loginvalidcheck" class="Script_Pending.Storagemsgcheck"/>
        <method signature="Script_Pending.pendingcheck.loginvalidcheck(java.util.Map)" name="loginvalidcheck" class="Script_Pending.pendingcheck"/>
      </group>
    </groups>
    <test name="Chrome" duration-ms="117453" started-at="2017-03-17T14:57:38Z" finished-at="2017-03-17T14:59:35Z">
      <class name="Script_Pending.pendingcheck">
        <test-method status="PASS" signature="launchapp(java.lang.String)" name="launchapp" is-config="true" duration-ms="6539" started-at="2017-03-17T14:58:41Z" finished-at="2017-03-17T14:58:47Z">
          <params>
            <param index="0">
              <value>
                <![CDATA[ch]]>
              </value>
            </param>
          </params>
        </test-method>
        <test-method status="PASS" signature="loginvalidcheck(java.util.Map)" name="loginvalidcheck" duration-ms="47744" started-at="2017-03-17T14:58:47Z" finished-at="2017-03-17T14:59:35Z">
          <params>
            <param index="0">
              <value>
                <![CDATA[{Order=2.0, Execute_Flag=Y, Uname=myil.ananth@emudhra.com, Script_Name=ValidLogin, TC_ID=t001, Expected_Result=Dashboard - emSigner, Pwd=emudhra1, Actual Result=null}]]>
              </value>
            </param>
          </params>
        </test-method>
        <test-method status="PASS" signature="closeapp()" name="closeapp" is-config="true" duration-ms="107" started-at="2017-03-17T14:59:35Z" finished-at="2017-03-17T14:59:35Z">
        </test-method>
      </class>
      <class name="Script_Pending.Storagemsgcheck">
        <test-method status="PASS" signature="createreport()" name="createreport" is-config="true" duration-ms="251" started-at="2017-03-17T14:57:38Z" finished-at="2017-03-17T14:57:38Z">
        </test-method>
        <test-method status="PASS" signature="launchapp(java.lang.String)" name="launchapp" is-config="true" duration-ms="11534" started-at="2017-03-17T14:57:38Z" finished-at="2017-03-17T14:57:50Z">
          <params>
            <param index="0">
              <value>
                <![CDATA[ch]]>
              </value>
            </param>
          </params>
        </test-method>
        <test-method status="PASS" signature="loginvalidcheck(java.util.Map)" name="loginvalidcheck" duration-ms="50278" started-at="2017-03-17T14:57:50Z" finished-at="2017-03-17T14:58:40Z">
          <params>
            <param index="0">
              <value>
                <![CDATA[{Order=2.0, Execute_Flag=Y, Uname=myil.ananth@emudhra.com, Script_Name=ValidLogin, TC_ID=t001, Expected_Result=Dashboard - emSigner, Pwd=emudhra1, Actual Result=null}]]>
              </value>
            </param>
          </params>
        </test-method>
        <test-method status="PASS" signature="closeapp()" name="closeapp" is-config="true" duration-ms="627" started-at="2017-03-17T14:58:40Z" finished-at="2017-03-17T14:58:41Z">
        </test-method>
      </class>
    </test>
  </suite>
</testng-results>
