<?xml version="1.0" encoding="UTF-8"?>
<testng-results skipped="0" failed="0" total="5" passed="5">
  <reporter-output>
  </reporter-output>
  <suite name="Suite" duration-ms="123878" started-at="2017-02-09T16:11:32Z" finished-at="2017-02-09T16:13:36Z">
    <groups>
      <group name="Smk">
        <method signature="TestScripts.Login_script.logincheck(java.util.Map)" name="logincheck" class="TestScripts.Login_script"/>
        <method signature="TestScripts.Login_script.loginvalidcheck(java.util.Map)" name="loginvalidcheck" class="TestScripts.Login_script"/>
      </group>
      <group name="Reg">
        <method signature="TestScripts.Login_script.logincheck(java.util.Map)" name="logincheck" class="TestScripts.Login_script"/>
      </group>
      <group name="Uat">
        <method signature="TestScripts.Login_script.loginvalidcheck(java.util.Map)" name="loginvalidcheck" class="TestScripts.Login_script"/>
      </group>
    </groups>
    <test name="Chrome" duration-ms="123878" started-at="2017-02-09T16:11:32Z" finished-at="2017-02-09T16:13:36Z">
      <class name="TestScripts.Login_script">
        <test-method status="PASS" signature="createreport()" name="createreport" is-config="true" duration-ms="1097" started-at="2017-02-09T16:11:31Z" finished-at="2017-02-09T16:11:32Z">
        </test-method>
        <test-method status="PASS" signature="launchapp(java.lang.String)" name="launchapp" is-config="true" duration-ms="30834" started-at="2017-02-09T16:11:35Z" finished-at="2017-02-09T16:12:06Z">
          <params>
            <param index="0">
              <value>
                <![CDATA[ch]]>
              </value>
            </param>
          </params>
        </test-method>
        <test-method status="PASS" signature="logincheck(java.util.Map)" name="logincheck" duration-ms="3302" started-at="2017-02-09T16:12:06Z" finished-at="2017-02-09T16:12:10Z">
          <params>
            <param index="0">
              <value>
                <![CDATA[{Order=1.0, Execute_Flag=Y, Uname=myil@123.com, Script_Name=InvalidLogin, TC_ID=t001, Expected_Result=Invalid Credentials, Pwd=455.0, Actual Result=null}]]>
              </value>
            </param>
          </params>
        </test-method>
        <test-method status="PASS" signature="closeapp()" name="closeapp" is-config="true" duration-ms="1018" started-at="2017-02-09T16:12:10Z" finished-at="2017-02-09T16:12:11Z">
        </test-method>
        <test-method status="PASS" signature="launchapp(java.lang.String)" name="launchapp" is-config="true" duration-ms="13573" started-at="2017-02-09T16:12:11Z" finished-at="2017-02-09T16:12:24Z">
          <params>
            <param index="0">
              <value>
                <![CDATA[ch]]>
              </value>
            </param>
          </params>
        </test-method>
        <test-method status="PASS" signature="logincheck(java.util.Map)" name="logincheck" duration-ms="1888" started-at="2017-02-09T16:12:24Z" finished-at="2017-02-09T16:12:26Z">
          <params>
            <param index="0">
              <value>
                <![CDATA[{Order=2.0, Execute_Flag=Y, Uname=ananth166@123.com, Script_Name=InvalidLogin, TC_ID=t001, Expected_Result=Invalid Credentials, Pwd=123.0, Actual Result=null}]]>
              </value>
            </param>
          </params>
        </test-method>
        <test-method status="PASS" signature="closeapp()" name="closeapp" is-config="true" duration-ms="245" started-at="2017-02-09T16:12:26Z" finished-at="2017-02-09T16:12:26Z">
        </test-method>
        <test-method status="PASS" signature="launchapp(java.lang.String)" name="launchapp" is-config="true" duration-ms="18527" started-at="2017-02-09T16:12:26Z" finished-at="2017-02-09T16:12:45Z">
          <params>
            <param index="0">
              <value>
                <![CDATA[ch]]>
              </value>
            </param>
          </params>
        </test-method>
        <test-method status="PASS" signature="logincheck(java.util.Map)" name="logincheck" duration-ms="2503" started-at="2017-02-09T16:12:45Z" finished-at="2017-02-09T16:12:47Z">
          <params>
            <param index="0">
              <value>
                <![CDATA[{Order=1.0, Execute_Flag=Y, Uname=ananth165@123.com, Script_Name=InvalidLogin, TC_ID=t002, Expected_Result=Invalid Credentials, Pwd=W$#, Actual Result=null}]]>
              </value>
            </param>
          </params>
        </test-method>
        <test-method status="PASS" signature="closeapp()" name="closeapp" is-config="true" duration-ms="2650" started-at="2017-02-09T16:12:47Z" finished-at="2017-02-09T16:12:50Z">
        </test-method>
        <test-method status="PASS" signature="launchapp(java.lang.String)" name="launchapp" is-config="true" duration-ms="17683" started-at="2017-02-09T16:12:50Z" finished-at="2017-02-09T16:13:08Z">
          <params>
            <param index="0">
              <value>
                <![CDATA[ch]]>
              </value>
            </param>
          </params>
        </test-method>
        <test-method status="PASS" signature="logincheck(java.util.Map)" name="logincheck" duration-ms="2620" started-at="2017-02-09T16:13:08Z" finished-at="2017-02-09T16:13:10Z">
          <params>
            <param index="0">
              <value>
                <![CDATA[{Order=1.0, Execute_Flag=Y, Uname=ananth164@123.com, Script_Name=InvalidLogin, TC_ID=t003, Expected_Result=Invalid Credentials, Pwd=ereer, Actual Result=null}]]>
              </value>
            </param>
          </params>
        </test-method>
        <test-method status="PASS" signature="closeapp()" name="closeapp" is-config="true" duration-ms="2400" started-at="2017-02-09T16:13:10Z" finished-at="2017-02-09T16:13:13Z">
        </test-method>
        <test-method status="PASS" signature="launchapp(java.lang.String)" name="launchapp" is-config="true" duration-ms="17493" started-at="2017-02-09T16:13:13Z" finished-at="2017-02-09T16:13:30Z">
          <params>
            <param index="0">
              <value>
                <![CDATA[ch]]>
              </value>
            </param>
          </params>
        </test-method>
        <test-method status="PASS" signature="loginvalidcheck(java.util.Map)" name="loginvalidcheck" duration-ms="3275" started-at="2017-02-09T16:13:30Z" finished-at="2017-02-09T16:13:33Z">
          <params>
            <param index="0">
              <value>
                <![CDATA[{Order=1.0, Execute_Flag=Y, Uname=myil.ananth@emudhra.com, Script_Name=ValidLogin, TC_ID=t004, Expected_Result=Dashboard - emSigner, Pwd=emudhra1, Actual Result=null}]]>
              </value>
            </param>
          </params>
        </test-method>
        <test-method status="PASS" signature="closeapp()" name="closeapp" is-config="true" duration-ms="2156" started-at="2017-02-09T16:13:33Z" finished-at="2017-02-09T16:13:36Z">
        </test-method>
      </class>
    </test>
  </suite>
</testng-results>
