<?xml version="1.0" encoding="UTF-8"?>
<testsuite hostname="LAP122" name="TestScripts.Login_script" tests="1" failures="1" timestamp="9 Feb 2017 08:48:46 GMT" time="4.341" errors="0">
  <testcase name="loginvalidcheck" time="0.008" classname="TestScripts.Login_script">
    <failure type="java.lang.NullPointerException">
      <![CDATA[java.lang.NullPointerException
	at TestScripts.Login_script.loginvalidcheck(Login_script.java:49)
	at java.util.concurrent.ThreadPoolExecutor.runWorker(ThreadPoolExecutor.java:1142)
	at java.util.concurrent.ThreadPoolExecutor$Worker.run(ThreadPoolExecutor.java:617)
	at java.lang.Thread.run(Thread.java:745)
... Removed 17 stack frames]]>
    </failure>
  </testcase>
</testsuite>
