<?xml version="1.0" encoding="UTF-8"?>
<testng-results skipped="0" failed="0" total="1" passed="1">
  <reporter-output>
  </reporter-output>
  <suite name="Suite" duration-ms="47470" started-at="2017-03-22T16:22:57Z" finished-at="2017-03-22T16:23:45Z">
    <groups>
      <group name="SMK">
        <method signature="Scripts_Onlinesigning.Online_signing.logincheck(java.util.Map)" name="logincheck" class="Scripts_Onlinesigning.Online_signing"/>
      </group>
      <group name="REG">
        <method signature="Scripts_Onlinesigning.Online_signing.logincheck(java.util.Map)" name="logincheck" class="Scripts_Onlinesigning.Online_signing"/>
      </group>
    </groups>
    <test name="Chrome" duration-ms="47470" started-at="2017-03-22T16:22:57Z" finished-at="2017-03-22T16:23:45Z">
      <class name="Scripts_Onlinesigning.Online_signing">
        <test-method status="PASS" signature="createreport()" name="createreport" is-config="true" duration-ms="220" started-at="2017-03-22T16:22:57Z" finished-at="2017-03-22T16:22:57Z">
        </test-method>
        <test-method status="PASS" signature="launch(java.lang.String)" name="launch" is-config="true" duration-ms="8328" started-at="2017-03-22T16:22:58Z" finished-at="2017-03-22T16:23:06Z">
          <params>
            <param index="0">
              <value>
                <![CDATA[ch]]>
              </value>
            </param>
          </params>
        </test-method>
        <test-method status="PASS" signature="logincheck(java.util.Map)" name="logincheck" duration-ms="38591" started-at="2017-03-22T16:23:06Z" finished-at="2017-03-22T16:23:45Z">
          <params>
            <param index="0">
              <value>
                <![CDATA[{Order=1.0, Execute_Flag=Y, Uname=rajananth@gmx.com, Script_Name=ValidLogin, TC_ID=t004, Expected_Result=Dashboard - emSigner, Pwd=welcome, Actual Result=null}]]>
              </value>
            </param>
          </params>
        </test-method>
      </class>
    </test>
  </suite>
</testng-results>
